2022-02-28 18:16:06,053 INFO  [org.jboss.modules] (main) JBoss Modules version 2.0.0.Final
2022-02-28 18:16:06,546 INFO  [org.jboss.msc] (main) JBoss MSC version 1.4.13.Final
2022-02-28 18:16:06,555 INFO  [org.jboss.threads] (main) JBoss Threads version 2.4.0.Final
2022-02-28 18:16:06,672 INFO  [org.jboss.as] (MSC service thread 1-2) WFLYSRV0049: WildFly Full 26.0.1.Final (WildFly Core 18.0.4.Final) starting
2022-02-28 18:16:06,675 DEBUG [org.jboss.as.config] (MSC service thread 1-2) Configured system properties:
	file.encoding = Cp1257
	file.separator = \
	java.awt.headless = true
	java.class.path = C:\Program Files\wildfly-26.0.1.Final\jboss-modules.jar
	java.class.version = 57.0
	java.home = C:\Progra~1\Java\jdk-13.0.2
	java.io.tmpdir = C:\Users\user\AppData\Local\Temp\
	java.library.path = C:\Progra~1\Java\jdk-13.0.2\bin;C:\WINDOWS\Sun\Java\bin;C:\WINDOWS\system32;C:\WINDOWS;C:\Program Files\Java\jdk-13.0.2\bin;C:\Program Files (x86)\Common Files\Oracle\Java\javapath;C:\ProgramData\Oracle\Java\javapath;C:\Program Files (x86)\Razer Chroma SDK\bin;C:\Program Files\Razer Chroma SDK\bin;C:\Program Files (x86)\Razer\ChromaBroadcast\bin;C:\Program Files\Razer\ChromaBroadcast\bin;C:\Windows\system32;C:\Windows;C:\Windows\System32\Wbem;C:\Windows\System32\WindowsPowerShell\v1.0\;C:\Windows\System32\OpenSSH\;C:\Program Files (x86)\Intel\Intel(R) Management Engine Components\DAL;C:\Program Files\Intel\Intel(R) Management Engine Components\DAL;C:\Program Files\NVIDIA Corporation\NVIDIA NGX;C:\Program Files (x86)\NVIDIA Corporation\PhysX\Common;C:\Program Files\NVIDIA Corporation\NVIDIA NvDLISR;C:\Windows\system32\config\systemprofile\AppData\Local\Microsoft\WindowsApps;C:\WINDOWS\system32;C:\WINDOWS;C:\WINDOWS\System32\Wbem;C:\WINDOWS\System32\WindowsPowerShell\v1.0\;C:\WINDOWS\System32\OpenSSH\;C:\Program Files\Microsoft SQL Server\130\Tools\Binn\;C:\Program Files\Microsoft SQL Server\Client SDK\ODBC\170\Tools\Binn\;C:\Program Files\PowerShell\7\;C:\ProgramData\chocolatey\bin;C:\Users\user\Desktop\FP\ghc-8.8.4\bin;C:\Program Files\dotnet\;C:\Program Files (x86)\Microsoft SQL Server\150\Tools\Binn\;C:\Program Files\Microsoft SQL Server\150\Tools\Binn\;C:\Program Files\Microsoft SQL Server\150\DTS\Binn\;C:\Program Files (x86)\Microsoft SQL Server\150\DTS\Binn\;C:\Program Files\Azure Data Studio\bin;C:\Program Files\nodejs\;C:\Program Files\PuTTY\;C:\Program Files\Git\cmd;C:\Program Files\MySQL\MySQL Shell 8.0\bin\;C:\Users\user\AppData\Roaming\local\bin;C:\Users\user\AppData\Local\Microsoft\WindowsApps;C:\Program Files\JetBrains\IntelliJ IDEA Community Edition 2020.2.1\bin;;C:\Users\user\AppData\Local\GitHubDesktop\bin;C:\Users\user\AppData\Local\Programs\Microsoft VS Code\bin;C:\Users\user\.dotnet\tools;C:\Program Files\Azure Data Studio\bin;C:\Users\user\AppData\Roaming\npm;C:\Program Files (x86)\apache-maven-3.6.3-bin\apache-maven-3.6.3\bin;;.
	java.net.preferIPv4Stack = true
	java.runtime.name = Java(TM) SE Runtime Environment
	java.runtime.version = 13.0.2+8
	java.specification.name = Java Platform API Specification
	java.specification.vendor = Oracle Corporation
	java.specification.version = 13
	java.util.logging.manager = org.jboss.logmanager.LogManager
	java.vendor = Oracle Corporation
	java.vendor.url = https://java.oracle.com/
	java.vendor.url.bug = https://bugreport.java.com/bugreport/
	java.version = 13.0.2
	java.version.date = 2020-01-14
	java.vm.compressedOopsMode = 32-bit
	java.vm.info = mixed mode, sharing
	java.vm.name = Java HotSpot(TM) 64-Bit Server VM
	java.vm.specification.name = Java Virtual Machine Specification
	java.vm.specification.vendor = Oracle Corporation
	java.vm.specification.version = 13
	java.vm.vendor = Oracle Corporation
	java.vm.version = 13.0.2+8
	javax.management.builder.initial = org.jboss.as.jmx.PluggableMBeanServerBuilder
	jboss.home.dir = C:\Program Files\wildfly-26.0.1.Final
	jboss.host.name = acer
	jboss.modules.dir = C:\Program Files\wildfly-26.0.1.Final\modules
	jboss.modules.system.pkgs = org.jboss.byteman
	jboss.node.name = acer
	jboss.qualified.host.name = acer
	jboss.server.base.dir = C:\Program Files\wildfly-26.0.1.Final\standalone
	jboss.server.config.dir = C:\Program Files\wildfly-26.0.1.Final\standalone\configuration
	jboss.server.data.dir = C:\Program Files\wildfly-26.0.1.Final\standalone\data
	jboss.server.deploy.dir = C:\Program Files\wildfly-26.0.1.Final\standalone\data\content
	jboss.server.log.dir = C:\Program Files\wildfly-26.0.1.Final\standalone\log
	jboss.server.name = acer
	jboss.server.persist.config = true
	jboss.server.temp.dir = C:\Program Files\wildfly-26.0.1.Final\standalone\tmp
	jdk.debug = release
	line.separator = 

	logging.configuration = file:C:\Program Files\wildfly-26.0.1.Final\standalone\configuration/logging.properties
	module.path = C:\Program Files\wildfly-26.0.1.Final\modules
	org.jboss.boot.log.file = C:\Program Files\wildfly-26.0.1.Final\standalone\log\server.log
	org.jboss.resolver.warning = true
	os.arch = amd64
	os.name = Windows 10
	os.version = 10.0
	path.separator = ;
	program.name = standalone.bat
	sun.arch.data.model = 64
	sun.boot.library.path = C:\Progra~1\Java\jdk-13.0.2\bin
	sun.cpu.endian = little
	sun.cpu.isalist = amd64
	sun.io.unicode.encoding = UnicodeLittle
	sun.java.command = C:\Program Files\wildfly-26.0.1.Final\jboss-modules.jar -mp C:\Program Files\wildfly-26.0.1.Final\modules org.jboss.as.standalone -Djboss.home.dir=C:\Program Files\wildfly-26.0.1.Final
	sun.java.launcher = SUN_STANDARD
	sun.jnu.encoding = Cp1257
	sun.management.compiler = HotSpot 64-Bit Tiered Compilers
	sun.os.patch.level = 
	sun.stderr.encoding = cp775
	sun.stdout.encoding = cp775
	user.country = GB
	user.country.format = LT
	user.dir = C:\Program Files\wildfly-26.0.1.Final\bin
	user.home = C:\Users\user
	user.language = en
	user.language.format = lt
	user.name = user
	user.script = 
	user.timezone = Europe/Vilnius
	user.variant = 
2022-02-28 18:16:06,685 DEBUG [org.jboss.as.config] (MSC service thread 1-2) VM Arguments: -Dprogram.name=standalone.bat -Xms64M -Xmx512M -XX:MetaspaceSize=96M -XX:MaxMetaspaceSize=256m -Djava.net.preferIPv4Stack=true -Djboss.modules.system.pkgs=org.jboss.byteman -Djava.awt.headless=true --add-exports=java.desktop/sun.awt=ALL-UNNAMED --add-exports=java.naming/com.sun.jndi.ldap=ALL-UNNAMED --add-opens=java.base/java.lang=ALL-UNNAMED --add-opens=java.base/java.lang.invoke=ALL-UNNAMED --add-opens=java.base/java.io=ALL-UNNAMED --add-opens=java.base/java.lang.reflect=ALL-UNNAMED --add-opens=java.base/java.security=ALL-UNNAMED --add-opens=java.base/java.util=ALL-UNNAMED --add-opens=java.base/java.util.concurrent=ALL-UNNAMED --add-opens=java.management/javax.management=ALL-UNNAMED --add-opens=java.naming/javax.naming=ALL-UNNAMED -Dorg.jboss.boot.log.file=C:\Program Files\wildfly-26.0.1.Final\standalone\log\server.log -Dlogging.configuration=file:C:\Program Files\wildfly-26.0.1.Final\standalone\configuration/logging.properties 
2022-02-28 18:16:07,458 INFO  [org.wildfly.security] (ServerService Thread Pool -- 11) ELY00001: WildFly Elytron version 1.18.3.Final
2022-02-28 18:16:08,052 INFO  [org.jboss.as.server] (Controller Boot Thread) WFLYSRV0039: Creating http management service using socket-binding (management-http)
2022-02-28 18:16:08,069 INFO  [org.xnio] (MSC service thread 1-8) XNIO version 3.8.5.Final
2022-02-28 18:16:08,075 INFO  [org.xnio.nio] (MSC service thread 1-8) XNIO NIO Implementation Version 3.8.5.Final
2022-02-28 18:16:08,143 INFO  [org.jboss.as.connector.subsystems.datasources] (ServerService Thread Pool -- 44) WFLYJCA0004: Deploying JDBC-compliant driver class org.h2.Driver (version 1.4)
2022-02-28 18:16:08,170 INFO  [org.wildfly.extension.elytron.oidc._private] (ServerService Thread Pool -- 52) WFLYOIDC0001: Activating WildFly Elytron OIDC Subsystem
2022-02-28 18:16:08,185 INFO  [org.wildfly.extension.health] (ServerService Thread Pool -- 53) WFLYHEALTH0001: Activating Base Health Subsystem
2022-02-28 18:16:08,188 INFO  [org.jboss.as.clustering.infinispan] (ServerService Thread Pool -- 54) WFLYCLINF0001: Activating Infinispan subsystem.
2022-02-28 18:16:08,187 INFO  [org.jboss.as.jaxrs] (ServerService Thread Pool -- 56) WFLYRS0016: RESTEasy version 4.7.4.Final
2022-02-28 18:16:08,205 INFO  [org.jboss.as.jsf] (ServerService Thread Pool -- 61) WFLYJSF0007: Activated the following Jakarta Server Faces Implementations: [main]
2022-02-28 18:16:08,203 INFO  [org.jboss.as.connector] (MSC service thread 1-3) WFLYJCA0009: Starting Jakarta Connectors Subsystem (WildFly/IronJacamar 1.5.3.Final)
2022-02-28 18:16:08,224 INFO  [org.wildfly.extension.microprofile.config.smallrye] (ServerService Thread Pool -- 64) WFLYCONF0001: Activating MicroProfile Config Subsystem
2022-02-28 18:16:08,227 INFO  [org.wildfly.extension.metrics] (ServerService Thread Pool -- 63) WFLYMETRICS0001: Activating Base Metrics Subsystem
2022-02-28 18:16:08,224 INFO  [org.jboss.as.connector.deployers.jdbc] (MSC service thread 1-7) WFLYJCA0018: Started Driver service with driver-name = h2
2022-02-28 18:16:08,237 INFO  [org.wildfly.extension.microprofile.jwt.smallrye] (ServerService Thread Pool -- 65) WFLYJWT0001: Activating MicroProfile JWT Subsystem
2022-02-28 18:16:08,241 INFO  [org.wildfly.extension.microprofile.opentracing] (ServerService Thread Pool -- 66) WFLYTRACEXT0001: Activating MicroProfile OpenTracing Subsystem
2022-02-28 18:16:08,248 INFO  [org.jboss.as.naming] (ServerService Thread Pool -- 67) WFLYNAM0001: Activating Naming Subsystem
2022-02-28 18:16:08,279 INFO  [org.jboss.as.naming] (MSC service thread 1-7) WFLYNAM0003: Starting Naming Service
2022-02-28 18:16:08,284 INFO  [org.jboss.as.mail.extension] (MSC service thread 1-4) WFLYMAIL0001: Bound mail session [java:jboss/mail/Default]
2022-02-28 18:16:08,286 WARN  [org.jboss.as.txn] (ServerService Thread Pool -- 74) WFLYTX0013: The node-identifier attribute on the /subsystem=transactions is set to the default value. This is a danger for environments running multiple servers. Please make sure the attribute value is unique.
2022-02-28 18:16:08,316 INFO  [org.jboss.as.webservices] (ServerService Thread Pool -- 76) WFLYWS0002: Activating WebServices Extension
2022-02-28 18:16:08,390 INFO  [org.wildfly.extension.undertow] (MSC service thread 1-3) WFLYUT0003: Undertow 2.2.14.Final starting
2022-02-28 18:16:08,423 WARN  [org.wildfly.extension.elytron] (MSC service thread 1-7) WFLYELY00023: KeyStore file 'C:\Program Files\wildfly-26.0.1.Final\standalone\configuration\application.keystore' does not exist. Used blank.
2022-02-28 18:16:08,441 WARN  [org.wildfly.extension.elytron] (MSC service thread 1-1) WFLYELY01084: KeyStore C:\Program Files\wildfly-26.0.1.Final\standalone\configuration\application.keystore not found, it will be auto generated on first use with a self-signed certificate for host localhost
2022-02-28 18:16:08,496 INFO  [org.wildfly.extension.undertow] (ServerService Thread Pool -- 75) WFLYUT0014: Creating file handler for path 'C:\Program Files\wildfly-26.0.1.Final/welcome-content' with options [directory-listing: 'false', follow-symlink: 'false', case-sensitive: 'true', safe-symlink-paths: '[]']
2022-02-28 18:16:09,126 INFO  [org.wildfly.extension.io] (ServerService Thread Pool -- 55) WFLYIO001: Worker 'default' has auto-configured to 24 IO threads with 192 max task threads based on your 12 available processors
2022-02-28 18:16:09,130 INFO  [org.jboss.as.ejb3] (MSC service thread 1-7) WFLYEJB0481: Strict pool slsb-strict-max-pool is using a max instance size of 192 (per class), which is derived from thread worker pool sizing.
2022-02-28 18:16:09,130 INFO  [org.jboss.as.ejb3] (MSC service thread 1-2) WFLYEJB0482: Strict pool mdb-strict-max-pool is using a max instance size of 48 (per class), which is derived from the number of CPUs on this host.
2022-02-28 18:16:09,155 INFO  [org.jboss.as.patching] (MSC service thread 1-2) WFLYPAT0050: WildFly Full cumulative patch ID is: base, one-off patches include: none
